[1031/135031.449:INFO:crash_reporting.cc(219)] Crash reporting enabled for process: browser
[1031/135031.508:INFO:gpu_process_host.cc(941)] [XWEB_LOG_GPU]  GPU process laucnched multi-process mode SUCCESS!!! gpu-process-pid:12528 gpu-process-sandbox:1
[1031/135031.532:INFO:crash_reporting.cc(219)] Crash reporting enabled for process: gpu-process
[1031/135031.668:INFO:crash_reporting.cc(219)] Crash reporting enabled for process: utility
[1031/135231.543:INFO:crash_reporting.cc(219)] Crash reporting enabled for process: gpu-process
[1031/191608.815:WARNING:dns_config_service_win.cc(672)] Failed to read DnsConfig.
[1031/191613.822:WARNING:dns_config_service_win.cc(672)] Failed to read DnsConfig.
[1031/191618.825:WARNING:dns_config_service_win.cc(672)] Failed to read DnsConfig.
[1031/191623.830:WARNING:dns_config_service_win.cc(672)] Failed to read DnsConfig.
[1031/191628.835:WARNING:dns_config_service_win.cc(672)] Failed to read DnsConfig.
[1031/191633.839:WARNING:dns_config_service_win.cc(672)] Failed to read DnsConfig.
[1031/191638.844:WARNING:dns_config_service_win.cc(672)] Failed to read DnsConfig.
[1031/191643.848:WARNING:dns_config_service_win.cc(672)] Failed to read DnsConfig.
[1031/191648.854:WARNING:dns_config_service_win.cc(672)] Failed to read DnsConfig.
[1031/191653.857:WARNING:dns_config_service_win.cc(672)] Failed to read DnsConfig.
[1031/191658.862:WARNING:dns_config_service_win.cc(672)] Failed to read DnsConfig.
[1031/191703.867:WARNING:dns_config_service_win.cc(672)] Failed to read DnsConfig.
[1031/191708.871:WARNING:dns_config_service_win.cc(672)] Failed to read DnsConfig.
[1031/191713.876:WARNING:dns_config_service_win.cc(672)] Failed to read DnsConfig.
[1031/191718.882:WARNING:dns_config_service_win.cc(672)] Failed to read DnsConfig.
[1031/191723.886:WARNING:dns_config_service_win.cc(672)] Failed to read DnsConfig.
[1031/191728.891:WARNING:dns_config_service_win.cc(672)] Failed to read DnsConfig.
[1031/191733.895:WARNING:dns_config_service_win.cc(672)] Failed to read DnsConfig.
[1031/191738.902:WARNING:dns_config_service_win.cc(672)] Failed to read DnsConfig.
[1031/191743.907:WARNING:dns_config_service_win.cc(672)] Failed to read DnsConfig.
[1031/191748.912:WARNING:dns_config_service_win.cc(672)] Failed to read DnsConfig.
[1031/191753.916:WARNING:dns_config_service_win.cc(672)] Failed to read DnsConfig.
[1031/191758.920:WARNING:dns_config_service_win.cc(672)] Failed to read DnsConfig.
[1031/191803.925:WARNING:dns_config_service_win.cc(672)] Failed to read DnsConfig.
[1031/191808.930:WARNING:dns_config_service_win.cc(672)] Failed to read DnsConfig.
[1031/191813.935:WARNING:dns_config_service_win.cc(672)] Failed to read DnsConfig.
[1031/191818.941:WARNING:dns_config_service_win.cc(672)] Failed to read DnsConfig.
[1031/191823.946:WARNING:dns_config_service_win.cc(672)] Failed to read DnsConfig.
[1031/191828.952:WARNING:dns_config_service_win.cc(672)] Failed to read DnsConfig.
[1031/191833.957:WARNING:dns_config_service_win.cc(672)] Failed to read DnsConfig.
[1031/191838.963:WARNING:dns_config_service_win.cc(672)] Failed to read DnsConfig.
[1031/191843.969:WARNING:dns_config_service_win.cc(672)] Failed to read DnsConfig.
[1031/191848.975:WARNING:dns_config_service_win.cc(672)] Failed to read DnsConfig.
[1031/191853.980:WARNING:dns_config_service_win.cc(672)] Failed to read DnsConfig.
[1031/191858.987:WARNING:dns_config_service_win.cc(672)] Failed to read DnsConfig.
[1031/191903.992:WARNING:dns_config_service_win.cc(672)] Failed to read DnsConfig.
[1031/191908.998:WARNING:dns_config_service_win.cc(672)] Failed to read DnsConfig.
[1031/191914.005:WARNING:dns_config_service_win.cc(672)] Failed to read DnsConfig.
[1031/191919.011:WARNING:dns_config_service_win.cc(672)] Failed to read DnsConfig.
[1031/191924.017:WARNING:dns_config_service_win.cc(672)] Failed to read DnsConfig.
[1031/191929.025:WARNING:dns_config_service_win.cc(672)] Failed to read DnsConfig.
[1031/191934.030:WARNING:dns_config_service_win.cc(672)] Failed to read DnsConfig.
[1031/191939.036:WARNING:dns_config_service_win.cc(672)] Failed to read DnsConfig.
[1031/191944.042:WARNING:dns_config_service_win.cc(672)] Failed to read DnsConfig.
[1031/191949.047:WARNING:dns_config_service_win.cc(672)] Failed to read DnsConfig.
[1031/191954.053:WARNING:dns_config_service_win.cc(672)] Failed to read DnsConfig.
[1031/191959.059:WARNING:dns_config_service_win.cc(672)] Failed to read DnsConfig.
[1031/192004.065:WARNING:dns_config_service_win.cc(672)] Failed to read DnsConfig.
[1031/192009.070:WARNING:dns_config_service_win.cc(672)] Failed to read DnsConfig.
[1031/192014.076:WARNING:dns_config_service_win.cc(672)] Failed to read DnsConfig.
[1031/192019.080:WARNING:dns_config_service_win.cc(672)] Failed to read DnsConfig.
[1031/192024.085:WARNING:dns_config_service_win.cc(672)] Failed to read DnsConfig.
[1031/192029.090:WARNING:dns_config_service_win.cc(672)] Failed to read DnsConfig.
[1031/192034.095:WARNING:dns_config_service_win.cc(672)] Failed to read DnsConfig.
[1031/192039.101:WARNING:dns_config_service_win.cc(672)] Failed to read DnsConfig.
[1031/192044.106:WARNING:dns_config_service_win.cc(672)] Failed to read DnsConfig.
[1031/192049.110:WARNING:dns_config_service_win.cc(672)] Failed to read DnsConfig.
[1031/192054.114:WARNING:dns_config_service_win.cc(672)] Failed to read DnsConfig.
[1031/192059.118:WARNING:dns_config_service_win.cc(672)] Failed to read DnsConfig.
[1031/192104.121:WARNING:dns_config_service_win.cc(672)] Failed to read DnsConfig.
[1031/192109.126:WARNING:dns_config_service_win.cc(672)] Failed to read DnsConfig.
[1031/192114.130:WARNING:dns_config_service_win.cc(672)] Failed to read DnsConfig.
[1031/192119.135:WARNING:dns_config_service_win.cc(672)] Failed to read DnsConfig.
[1031/192124.139:WARNING:dns_config_service_win.cc(672)] Failed to read DnsConfig.
[1031/192129.144:WARNING:dns_config_service_win.cc(672)] Failed to read DnsConfig.
[1031/192134.147:WARNING:dns_config_service_win.cc(672)] Failed to read DnsConfig.
[1031/192139.153:WARNING:dns_config_service_win.cc(672)] Failed to read DnsConfig.
[1031/192144.157:WARNING:dns_config_service_win.cc(672)] Failed to read DnsConfig.
[1031/192149.162:WARNING:dns_config_service_win.cc(672)] Failed to read DnsConfig.
[1031/192154.167:WARNING:dns_config_service_win.cc(672)] Failed to read DnsConfig.
[1031/192159.171:WARNING:dns_config_service_win.cc(672)] Failed to read DnsConfig.
[1031/192204.176:WARNING:dns_config_service_win.cc(672)] Failed to read DnsConfig.
[1031/192209.179:WARNING:dns_config_service_win.cc(672)] Failed to read DnsConfig.
[1031/192214.183:WARNING:dns_config_service_win.cc(672)] Failed to read DnsConfig.
[1031/192219.187:WARNING:dns_config_service_win.cc(672)] Failed to read DnsConfig.
[1031/192224.193:WARNING:dns_config_service_win.cc(672)] Failed to read DnsConfig.
[1031/192229.197:WARNING:dns_config_service_win.cc(672)] Failed to read DnsConfig.
[1031/192234.202:WARNING:dns_config_service_win.cc(672)] Failed to read DnsConfig.
[1031/192239.207:WARNING:dns_config_service_win.cc(672)] Failed to read DnsConfig.
[1031/192244.213:WARNING:dns_config_service_win.cc(672)] Failed to read DnsConfig.
[1031/192249.217:WARNING:dns_config_service_win.cc(672)] Failed to read DnsConfig.
[1031/192254.220:WARNING:dns_config_service_win.cc(672)] Failed to read DnsConfig.
[1031/192259.226:WARNING:dns_config_service_win.cc(672)] Failed to read DnsConfig.
[1031/192304.231:WARNING:dns_config_service_win.cc(672)] Failed to read DnsConfig.
[1031/192309.236:WARNING:dns_config_service_win.cc(672)] Failed to read DnsConfig.
[1031/192314.242:WARNING:dns_config_service_win.cc(672)] Failed to read DnsConfig.
[1031/192319.248:WARNING:dns_config_service_win.cc(672)] Failed to read DnsConfig.
[1031/192324.254:WARNING:dns_config_service_win.cc(672)] Failed to read DnsConfig.
[1031/192329.260:WARNING:dns_config_service_win.cc(672)] Failed to read DnsConfig.
[1031/192334.267:WARNING:dns_config_service_win.cc(672)] Failed to read DnsConfig.
[1031/192339.273:WARNING:dns_config_service_win.cc(672)] Failed to read DnsConfig.
[1031/192344.278:WARNING:dns_config_service_win.cc(672)] Failed to read DnsConfig.
[1031/192349.284:WARNING:dns_config_service_win.cc(672)] Failed to read DnsConfig.
[1031/192354.289:WARNING:dns_config_service_win.cc(672)] Failed to read DnsConfig.
[1031/192359.295:WARNING:dns_config_service_win.cc(672)] Failed to read DnsConfig.
[1031/192404.301:WARNING:dns_config_service_win.cc(672)] Failed to read DnsConfig.
[1031/192409.307:WARNING:dns_config_service_win.cc(672)] Failed to read DnsConfig.
[1031/192414.311:WARNING:dns_config_service_win.cc(672)] Failed to read DnsConfig.
[1031/192419.315:WARNING:dns_config_service_win.cc(672)] Failed to read DnsConfig.
[1031/192424.320:WARNING:dns_config_service_win.cc(672)] Failed to read DnsConfig.
[1031/192429.325:WARNING:dns_config_service_win.cc(672)] Failed to read DnsConfig.
[1031/192434.330:WARNING:dns_config_service_win.cc(672)] Failed to read DnsConfig.
[1031/192439.334:WARNING:dns_config_service_win.cc(672)] Failed to read DnsConfig.
[1031/192444.338:WARNING:dns_config_service_win.cc(672)] Failed to read DnsConfig.
[1031/192449.343:WARNING:dns_config_service_win.cc(672)] Failed to read DnsConfig.
[1031/192454.347:WARNING:dns_config_service_win.cc(672)] Failed to read DnsConfig.
[1031/192459.352:WARNING:dns_config_service_win.cc(672)] Failed to read DnsConfig.
[1031/192504.356:WARNING:dns_config_service_win.cc(672)] Failed to read DnsConfig.
[1031/192509.361:WARNING:dns_config_service_win.cc(672)] Failed to read DnsConfig.
[1031/192514.365:WARNING:dns_config_service_win.cc(672)] Failed to read DnsConfig.
[1031/192519.370:WARNING:dns_config_service_win.cc(672)] Failed to read DnsConfig.
[1031/192524.375:WARNING:dns_config_service_win.cc(672)] Failed to read DnsConfig.
[1031/192529.379:WARNING:dns_config_service_win.cc(672)] Failed to read DnsConfig.
[1031/192534.384:WARNING:dns_config_service_win.cc(672)] Failed to read DnsConfig.
[1031/192539.389:WARNING:dns_config_service_win.cc(672)] Failed to read DnsConfig.
[1031/192544.393:WARNING:dns_config_service_win.cc(672)] Failed to read DnsConfig.
[1031/192549.398:WARNING:dns_config_service_win.cc(672)] Failed to read DnsConfig.
[1031/192554.402:WARNING:dns_config_service_win.cc(672)] Failed to read DnsConfig.
[1031/192559.406:WARNING:dns_config_service_win.cc(672)] Failed to read DnsConfig.
[1031/192604.411:WARNING:dns_config_service_win.cc(672)] Failed to read DnsConfig.
[1031/192609.415:WARNING:dns_config_service_win.cc(672)] Failed to read DnsConfig.
[1031/192614.419:WARNING:dns_config_service_win.cc(672)] Failed to read DnsConfig.
[1031/192619.425:WARNING:dns_config_service_win.cc(672)] Failed to read DnsConfig.
[1031/192624.429:WARNING:dns_config_service_win.cc(672)] Failed to read DnsConfig.
[1031/192629.435:WARNING:dns_config_service_win.cc(672)] Failed to read DnsConfig.
[1031/192634.439:WARNING:dns_config_service_win.cc(672)] Failed to read DnsConfig.
[1031/192639.444:WARNING:dns_config_service_win.cc(672)] Failed to read DnsConfig.
[1031/192644.449:WARNING:dns_config_service_win.cc(672)] Failed to read DnsConfig.
[1031/192649.453:WARNING:dns_config_service_win.cc(672)] Failed to read DnsConfig.
[1031/192654.457:WARNING:dns_config_service_win.cc(672)] Failed to read DnsConfig.
[1031/192659.461:WARNING:dns_config_service_win.cc(672)] Failed to read DnsConfig.
[1031/192704.466:WARNING:dns_config_service_win.cc(672)] Failed to read DnsConfig.
[1031/192709.471:WARNING:dns_config_service_win.cc(672)] Failed to read DnsConfig.
[1031/192714.475:WARNING:dns_config_service_win.cc(672)] Failed to read DnsConfig.
[1031/192719.479:WARNING:dns_config_service_win.cc(672)] Failed to read DnsConfig.
[1031/192724.485:WARNING:dns_config_service_win.cc(672)] Failed to read DnsConfig.
[1031/192729.489:WARNING:dns_config_service_win.cc(672)] Failed to read DnsConfig.
[1031/192734.493:WARNING:dns_config_service_win.cc(672)] Failed to read DnsConfig.
[1031/192739.498:WARNING:dns_config_service_win.cc(672)] Failed to read DnsConfig.
[1031/192744.504:WARNING:dns_config_service_win.cc(672)] Failed to read DnsConfig.
[1031/192749.507:WARNING:dns_config_service_win.cc(672)] Failed to read DnsConfig.
[1031/192754.512:WARNING:dns_config_service_win.cc(672)] Failed to read DnsConfig.
[1031/192759.517:WARNING:dns_config_service_win.cc(672)] Failed to read DnsConfig.
[1031/192804.522:WARNING:dns_config_service_win.cc(672)] Failed to read DnsConfig.
[1031/192809.527:WARNING:dns_config_service_win.cc(672)] Failed to read DnsConfig.
[1031/192814.531:WARNING:dns_config_service_win.cc(672)] Failed to read DnsConfig.
[1031/192819.537:WARNING:dns_config_service_win.cc(672)] Failed to read DnsConfig.
[1031/192824.541:WARNING:dns_config_service_win.cc(672)] Failed to read DnsConfig.
[1031/192829.546:WARNING:dns_config_service_win.cc(672)] Failed to read DnsConfig.
[1031/192834.552:WARNING:dns_config_service_win.cc(672)] Failed to read DnsConfig.
[1031/192839.555:WARNING:dns_config_service_win.cc(672)] Failed to read DnsConfig.
[1031/192844.561:WARNING:dns_config_service_win.cc(672)] Failed to read DnsConfig.
[1031/192849.566:WARNING:dns_config_service_win.cc(672)] Failed to read DnsConfig.
[1031/192854.569:WARNING:dns_config_service_win.cc(672)] Failed to read DnsConfig.
[1031/192859.575:WARNING:dns_config_service_win.cc(672)] Failed to read DnsConfig.
[1031/192904.578:WARNING:dns_config_service_win.cc(672)] Failed to read DnsConfig.
[1031/192909.583:WARNING:dns_config_service_win.cc(672)] Failed to read DnsConfig.
[1031/192914.588:WARNING:dns_config_service_win.cc(672)] Failed to read DnsConfig.
[1031/192919.593:WARNING:dns_config_service_win.cc(672)] Failed to read DnsConfig.
[1031/192924.598:WARNING:dns_config_service_win.cc(672)] Failed to read DnsConfig.
[1031/192929.603:WARNING:dns_config_service_win.cc(672)] Failed to read DnsConfig.
[1031/192934.606:WARNING:dns_config_service_win.cc(672)] Failed to read DnsConfig.
[1031/192939.611:WARNING:dns_config_service_win.cc(672)] Failed to read DnsConfig.
[1031/192944.616:WARNING:dns_config_service_win.cc(672)] Failed to read DnsConfig.
[1031/192949.621:WARNING:dns_config_service_win.cc(672)] Failed to read DnsConfig.
[1031/192954.624:WARNING:dns_config_service_win.cc(672)] Failed to read DnsConfig.
[1031/192959.629:WARNING:dns_config_service_win.cc(672)] Failed to read DnsConfig.
[1031/193004.634:WARNING:dns_config_service_win.cc(672)] Failed to read DnsConfig.
[1031/193009.638:WARNING:dns_config_service_win.cc(672)] Failed to read DnsConfig.
[1031/193014.643:WARNING:dns_config_service_win.cc(672)] Failed to read DnsConfig.
[1031/193019.647:WARNING:dns_config_service_win.cc(672)] Failed to read DnsConfig.
[1031/193024.652:WARNING:dns_config_service_win.cc(672)] Failed to read DnsConfig.
[1031/193029.656:WARNING:dns_config_service_win.cc(672)] Failed to read DnsConfig.
[1031/193034.662:WARNING:dns_config_service_win.cc(672)] Failed to read DnsConfig.
[1031/193039.667:WARNING:dns_config_service_win.cc(672)] Failed to read DnsConfig.
[1031/193044.671:WARNING:dns_config_service_win.cc(672)] Failed to read DnsConfig.
[1031/193049.677:WARNING:dns_config_service_win.cc(672)] Failed to read DnsConfig.
[1031/193054.682:WARNING:dns_config_service_win.cc(672)] Failed to read DnsConfig.
[1031/193059.686:WARNING:dns_config_service_win.cc(672)] Failed to read DnsConfig.
[1031/193104.691:WARNING:dns_config_service_win.cc(672)] Failed to read DnsConfig.
[1031/193109.695:WARNING:dns_config_service_win.cc(672)] Failed to read DnsConfig.
[1031/193114.702:WARNING:dns_config_service_win.cc(672)] Failed to read DnsConfig.
[1031/193119.706:WARNING:dns_config_service_win.cc(672)] Failed to read DnsConfig.
[1031/193124.712:WARNING:dns_config_service_win.cc(672)] Failed to read DnsConfig.
[1031/193129.717:WARNING:dns_config_service_win.cc(672)] Failed to read DnsConfig.
[1031/193134.723:WARNING:dns_config_service_win.cc(672)] Failed to read DnsConfig.
[1031/193139.728:WARNING:dns_config_service_win.cc(672)] Failed to read DnsConfig.
[1031/193144.733:WARNING:dns_config_service_win.cc(672)] Failed to read DnsConfig.
[1031/193149.737:WARNING:dns_config_service_win.cc(672)] Failed to read DnsConfig.
[1031/193154.742:WARNING:dns_config_service_win.cc(672)] Failed to read DnsConfig.
[1031/193159.747:WARNING:dns_config_service_win.cc(672)] Failed to read DnsConfig.
[1031/193204.751:WARNING:dns_config_service_win.cc(672)] Failed to read DnsConfig.
[1031/193209.755:WARNING:dns_config_service_win.cc(672)] Failed to read DnsConfig.
[1031/193214.760:WARNING:dns_config_service_win.cc(672)] Failed to read DnsConfig.
[1031/193219.765:WARNING:dns_config_service_win.cc(672)] Failed to read DnsConfig.
[1031/193224.769:WARNING:dns_config_service_win.cc(672)] Failed to read DnsConfig.
[1031/193229.775:WARNING:dns_config_service_win.cc(672)] Failed to read DnsConfig.
[1031/193234.779:WARNING:dns_config_service_win.cc(672)] Failed to read DnsConfig.
[1031/193239.784:WARNING:dns_config_service_win.cc(672)] Failed to read DnsConfig.
[1031/193244.790:WARNING:dns_config_service_win.cc(672)] Failed to read DnsConfig.
[1031/193249.795:WARNING:dns_config_service_win.cc(672)] Failed to read DnsConfig.
[1031/193254.800:WARNING:dns_config_service_win.cc(672)] Failed to read DnsConfig.
[1031/193259.805:WARNING:dns_config_service_win.cc(672)] Failed to read DnsConfig.
[1031/193304.809:WARNING:dns_config_service_win.cc(672)] Failed to read DnsConfig.
[1031/193309.814:WARNING:dns_config_service_win.cc(672)] Failed to read DnsConfig.
[1031/193314.819:WARNING:dns_config_service_win.cc(672)] Failed to read DnsConfig.
[1031/193319.823:WARNING:dns_config_service_win.cc(672)] Failed to read DnsConfig.
[1031/193324.826:WARNING:dns_config_service_win.cc(672)] Failed to read DnsConfig.
[1031/193329.831:WARNING:dns_config_service_win.cc(672)] Failed to read DnsConfig.
[1031/193334.835:WARNING:dns_config_service_win.cc(672)] Failed to read DnsConfig.
[1031/193339.840:WARNING:dns_config_service_win.cc(672)] Failed to read DnsConfig.
[1031/193344.846:WARNING:dns_config_service_win.cc(672)] Failed to read DnsConfig.
[1031/193349.851:WARNING:dns_config_service_win.cc(672)] Failed to read DnsConfig.
[1031/193354.855:WARNING:dns_config_service_win.cc(672)] Failed to read DnsConfig.
[1031/193359.859:WARNING:dns_config_service_win.cc(672)] Failed to read DnsConfig.
[1031/193404.864:WARNING:dns_config_service_win.cc(672)] Failed to read DnsConfig.
[1031/193409.868:WARNING:dns_config_service_win.cc(672)] Failed to read DnsConfig.
[1031/193414.872:WARNING:dns_config_service_win.cc(672)] Failed to read DnsConfig.
[1031/193419.875:WARNING:dns_config_service_win.cc(672)] Failed to read DnsConfig.
[1031/193424.881:WARNING:dns_config_service_win.cc(672)] Failed to read DnsConfig.
[1031/193429.884:WARNING:dns_config_service_win.cc(672)] Failed to read DnsConfig.
[1031/193434.888:WARNING:dns_config_service_win.cc(672)] Failed to read DnsConfig.
[1031/193439.893:WARNING:dns_config_service_win.cc(672)] Failed to read DnsConfig.
[1031/193444.897:WARNING:dns_config_service_win.cc(672)] Failed to read DnsConfig.
[1031/193449.902:WARNING:dns_config_service_win.cc(672)] Failed to read DnsConfig.
[1031/193454.907:WARNING:dns_config_service_win.cc(672)] Failed to read DnsConfig.
[1031/193459.911:WARNING:dns_config_service_win.cc(672)] Failed to read DnsConfig.
[1031/193504.917:WARNING:dns_config_service_win.cc(672)] Failed to read DnsConfig.
[1031/193509.920:WARNING:dns_config_service_win.cc(672)] Failed to read DnsConfig.
[1031/193514.924:WARNING:dns_config_service_win.cc(672)] Failed to read DnsConfig.
[1031/193519.929:WARNING:dns_config_service_win.cc(672)] Failed to read DnsConfig.
[1031/193524.932:WARNING:dns_config_service_win.cc(672)] Failed to read DnsConfig.
[1031/193529.936:WARNING:dns_config_service_win.cc(672)] Failed to read DnsConfig.
[1031/193534.940:WARNING:dns_config_service_win.cc(672)] Failed to read DnsConfig.
